Performing C SOURCE FILE Test CMAKE_HAVE_LIBC_PTHREAD failed with the following output:
Change Dir: /home/kaustav/Desktop/Kaustav-ROS-practice/robotics_backend_ws/build/CMakeFiles/CMakeTmp

Run Build Command(s):/usr/bin/make cmTC_e166d/fast && /usr/bin/make  -f CMakeFiles/cmTC_e166d.dir/build.make CMakeFiles/cmTC_e166d.dir/build
make[1]: Entering directory '/home/kaustav/Desktop/Kaustav-ROS-practice/robotics_backend_ws/build/CMakeFiles/CMakeTmp'
Building C object CMakeFiles/cmTC_e166d.dir/src.c.o
/usr/bin/cc   -DCMAKE_HAVE_LIBC_PTHREAD -o CMakeFiles/cmTC_e166d.dir/src.c.o -c /home/kaustav/Desktop/Kaustav-ROS-practice/robotics_backend_ws/build/CMakeFiles/CMakeTmp/src.c
Linking C executable cmTC_e166d
/opt/cmake-3.18.0-Linux-x86_64/bin/cmake -E cmake_link_script CMakeFiles/cmTC_e166d.dir/link.txt --verbose=1
/usr/bin/cc  -DCMAKE_HAVE_LIBC_PTHREAD -rdynamic CMakeFiles/cmTC_e166d.dir/src.c.o -o cmTC_e166d 
CMakeFiles/cmTC_e166d.dir/src.c.o: In function `main':
src.c:(.text+0x3e): undefined reference to `pthread_create'
src.c:(.text+0x4a): undefined reference to `pthread_detach'
src.c:(.text+0x56): undefined reference to `pthread_cancel'
src.c:(.text+0x67): undefined reference to `pthread_join'
src.c:(.text+0x7b): undefined reference to `pthread_atfork'
collect2: error: ld returned 1 exit status
CMakeFiles/cmTC_e166d.dir/build.make:105: recipe for target 'cmTC_e166d' failed
make[1]: *** [cmTC_e166d] Error 1
make[1]: Leaving directory '/home/kaustav/Desktop/Kaustav-ROS-practice/robotics_backend_ws/build/CMakeFiles/CMakeTmp'
Makefile:140: recipe for target 'cmTC_e166d/fast' failed
make: *** [cmTC_e166d/fast] Error 2


Source file was:
#include <pthread.h>

void* test_func(void* data)
{
  return data;
}

int main(void)
{
  pthread_t thread;
  pthread_create(&thread, NULL, test_func, NULL);
  pthread_detach(thread);
  pthread_cancel(thread);
  pthread_join(thread, NULL);
  pthread_atfork(NULL, NULL, NULL);
  pthread_exit(NULL);

  return 0;
}

Determining if the function pthread_create exists in the pthreads failed with the following output:
Change Dir: /home/kaustav/Desktop/Kaustav-ROS-practice/robotics_backend_ws/build/CMakeFiles/CMakeTmp

Run Build Command(s):/usr/bin/make cmTC_462c5/fast && /usr/bin/make  -f CMakeFiles/cmTC_462c5.dir/build.make CMakeFiles/cmTC_462c5.dir/build
make[1]: Entering directory '/home/kaustav/Desktop/Kaustav-ROS-practice/robotics_backend_ws/build/CMakeFiles/CMakeTmp'
Building C object CMakeFiles/cmTC_462c5.dir/CheckFunctionExists.c.o
/usr/bin/cc   -DCHECK_FUNCTION_EXISTS=pthread_create -o CMakeFiles/cmTC_462c5.dir/CheckFunctionExists.c.o -c /opt/cmake-3.18.0-Linux-x86_64/share/cmake-3.18/Modules/CheckFunctionExists.c
Linking C executable cmTC_462c5
/opt/cmake-3.18.0-Linux-x86_64/bin/cmake -E cmake_link_script CMakeFiles/cmTC_462c5.dir/link.txt --verbose=1
/usr/bin/cc  -DCHECK_FUNCTION_EXISTS=pthread_create -rdynamic CMakeFiles/cmTC_462c5.dir/CheckFunctionExists.c.o -o cmTC_462c5  -lpthreads 
/usr/bin/ld: cannot find -lpthreads
collect2: error: ld returned 1 exit status
CMakeFiles/cmTC_462c5.dir/build.make:105: recipe for target 'cmTC_462c5' failed
make[1]: *** [cmTC_462c5] Error 1
make[1]: Leaving directory '/home/kaustav/Desktop/Kaustav-ROS-practice/robotics_backend_ws/build/CMakeFiles/CMakeTmp'
Makefile:140: recipe for target 'cmTC_462c5/fast' failed
make: *** [cmTC_462c5/fast] Error 2



